TN:
SF:/Users/ollieelmgren/Desktop/coding_challenge/client/modules/App/App.js
FN:24,App
FN:79,mapStateToProps
FNF:2
FNH:1
FNDA:3,App
FNDA:0,mapStateToProps
DA:18,2
DA:24,2
DA:30,3
DA:79,2
LF:4
LH:4
BRDA:18,1,0,0
BRDA:18,1,1,2
BRDA:24,2,0,3
BRDA:24,2,1,0
BRDA:40,3,0,6
BRDA:40,3,1,3
BRDA:40,3,2,3
BRDA:40,3,3,0
BRF:8
BRH:5
end_of_record
TN:
SF:/Users/ollieelmgren/Desktop/coding_challenge/client/modules/App/components/Header/Header.js
FN:9,Header
FNF:1
FNH:1
FNDA:5,Header
DA:9,3
LF:1
LH:1
BRDA:11,1,0,5
BRDA:11,1,1,5
BRDA:28,2,0,4
BRF:3
BRH:3
end_of_record
TN:
SF:/Users/ollieelmgren/Desktop/coding_challenge/client/modules/App/components/Footer/Footer.js
FN:10,Footer
FNF:1
FNH:1
FNDA:3,Footer
DA:10,3
LF:1
LH:1
BRF:0
BRH:0
end_of_record
TN:
SF:/Users/ollieelmgren/Desktop/coding_challenge/client/modules/App/AppActions.js
FN:5,toggleAddPost
FNF:1
FNH:1
FNDA:4,toggleAddPost
DA:5,4
LF:1
LH:1
BRF:0
BRH:0
end_of_record
TN:
SF:/Users/ollieelmgren/Desktop/coding_challenge/client/modules/Intl/IntlActions.js
FN:6,switchLanguage
FNF:1
FNH:1
FNDA:2,switchLanguage
DA:6,4
LF:1
LH:1
BRF:0
BRH:0
end_of_record
TN:
SF:/Users/ollieelmgren/Desktop/coding_challenge/client/util/react-intl-test-helper.js
FN:22,nodeWithIntlProp
FN:26,shallowWithIntl
FN:30,mountWithIntl
FNF:3
FNH:3
FNDA:8,nodeWithIntlProp
FNDA:3,shallowWithIntl
FNDA:5,mountWithIntl
LF:0
LH:0
BRF:0
BRH:0
end_of_record
TN:
SF:/Users/ollieelmgren/Desktop/coding_challenge/client/modules/App/AppReducer.js
FN:9,AppReducer
FNF:1
FNH:1
FNDA:3,AppReducer
LF:0
LH:0
BRDA:9,1,0,1
BRDA:9,1,1,2
BRDA:9,2,0,3
BRDA:9,2,1,3
BRDA:11,3,0,1
BRDA:11,3,1,2
BRF:6
BRH:6
end_of_record
TN:
SF:/Users/ollieelmgren/Desktop/coding_challenge/client/modules/Intl/IntlReducer.js
FN:12,IntlReducer
FNF:1
FNH:1
FNDA:3,IntlReducer
DA:14,1
LF:1
LH:1
BRDA:4,1,0,2
BRDA:4,1,1,2
BRDA:4,1,2,0
BRDA:9,2,0,2
BRDA:9,2,1,2
BRDA:12,3,0,1
BRDA:12,3,1,2
BRDA:12,4,0,3
BRDA:12,4,1,3
BRDA:14,5,0,1
BRDA:14,5,1,2
BRF:11
BRH:10
end_of_record
TN:
SF:/Users/ollieelmgren/Desktop/coding_challenge/client/modules/Post/components/PostCreateWidget/PostCreateWidget.js
FNF:0
FNH:0
DA:13,2
LF:1
LH:1
BRDA:13,1,0,1
BRDA:13,1,1,1
BRDA:13,2,0,2
BRDA:13,2,1,1
BRDA:13,2,2,1
BRDA:20,3,0,5
BRDA:20,3,1,1
BRF:7
BRH:7
end_of_record
TN:
SF:/Users/ollieelmgren/Desktop/coding_challenge/client/modules/Post/components/PostList.js
FN:7,PostList
FNF:1
FNH:1
FNDA:1,PostList
DA:7,2
LF:1
LH:1
BRF:0
BRH:0
end_of_record
TN:
SF:/Users/ollieelmgren/Desktop/coding_challenge/client/modules/Post/components/PostListItem/PostListItem.js
FN:9,PostListItem
FNF:1
FNH:1
FNDA:3,PostListItem
DA:9,3
LF:1
LH:1
BRF:0
BRH:0
end_of_record
TN:
SF:/Users/ollieelmgren/Desktop/coding_challenge/client/modules/Post/PostActions.js
FN:9,addPost
FN:16,addPostRequest
FN:17,(anonymous_4)
FN:28,addPosts
FN:35,fetchPosts
FN:36,(anonymous_8)
FN:37,(anonymous_9)
FN:43,fetchPost
FN:44,(anonymous_11)
FN:49,deletePost
FN:56,deletePostRequest
FN:57,(anonymous_15)
FNF:12
FNH:3
FNDA:2,addPost
FNDA:0,addPostRequest
FNDA:0,(anonymous_4)
FNDA:2,addPosts
FNDA:0,fetchPosts
FNDA:0,(anonymous_8)
FNDA:0,(anonymous_9)
FNDA:0,fetchPost
FNDA:0,(anonymous_11)
FNDA:2,deletePost
FNDA:0,deletePostRequest
FNDA:0,(anonymous_15)
DA:9,3
DA:16,3
DA:28,3
DA:35,3
DA:43,3
DA:49,3
DA:56,3
LF:7
LH:7
BRF:0
BRH:0
end_of_record
TN:
SF:/Users/ollieelmgren/Desktop/coding_challenge/client/util/apiCaller.js
FN:8,callApi
FN:15,(anonymous_5)
FNF:2
FNH:2
FNDA:3,callApi
FNDA:3,(anonymous_5)
DA:8,4
DA:16,3
LF:2
LH:2
BRDA:5,1,0,4
BRDA:5,1,1,0
BRDA:4,2,0,4
BRDA:4,2,1,4
BRDA:5,3,0,4
BRDA:5,3,1,4
BRDA:5,4,0,4
BRDA:5,4,1,0
BRDA:8,5,0,1
BRDA:8,5,1,2
BRDA:8,6,0,3
BRDA:8,6,1,1
BRDA:16,7,0,1
BRDA:16,7,1,2
BRF:14
BRH:12
end_of_record
TN:
SF:/Users/ollieelmgren/Desktop/coding_challenge/client/modules/Post/PostReducer.js
FN:6,PostReducer
FNF:1
FNH:1
FNDA:5,PostReducer
LF:0
LH:0
BRDA:6,1,0,3
BRDA:6,1,1,2
BRDA:6,2,0,5
BRDA:6,2,1,5
BRDA:8,3,0,1
BRDA:8,3,1,1
BRDA:8,3,2,1
BRDA:8,3,3,2
BRF:8
BRH:8
end_of_record
TN:
SF:/Users/ollieelmgren/Desktop/coding_challenge/server/server.js
FN:57,(anonymous_2)
FN:76,renderFullPage
FN:113,renderError
FN:121,(anonymous_5)
FN:122,(anonymous_6)
FN:138,(anonymous_7)
FN:158,(anonymous_9)
FNF:7
FNH:1
FNDA:0,(anonymous_2)
FNDA:0,renderFullPage
FNDA:0,renderError
FNDA:0,(anonymous_5)
FNDA:0,(anonymous_6)
FNDA:0,(anonymous_7)
FNDA:1,(anonymous_9)
DA:16,1
DA:56,1
DA:58,0
DA:59,0
DA:123,0
DA:127,0
DA:131,0
DA:159,1
DA:160,1
LF:9
LH:4
BRDA:12,1,0,1
BRDA:12,1,1,1
BRDA:13,2,0,1
BRDA:13,2,1,1
BRDA:16,3,0,0
BRDA:16,3,1,1
BRDA:56,4,0,0
BRDA:56,4,1,1
BRDA:58,5,0,0
BRDA:58,5,1,0
BRDA:80,6,0,0
BRDA:80,6,1,0
BRDA:81,7,0,0
BRDA:81,7,1,0
BRDA:93,8,0,0
BRDA:93,8,1,0
BRDA:98,9,0,0
BRDA:98,9,1,0
BRDA:101,10,0,0
BRDA:101,10,1,0
BRDA:106,11,0,0
BRDA:106,11,1,0
BRDA:107,12,0,0
BRDA:107,12,1,0
BRDA:115,13,0,0
BRDA:115,13,1,0
BRDA:123,14,0,0
BRDA:123,14,1,0
BRDA:127,15,0,0
BRDA:127,15,1,0
BRDA:131,16,0,0
BRDA:131,16,1,0
BRDA:159,17,0,1
BRDA:159,17,1,0
BRF:34
BRH:7
end_of_record
TN:
SF:/Users/ollieelmgren/Desktop/coding_challenge/client/modules/Intl/IntlWrapper.js
FN:6,IntlWrapper
FN:20,mapStateToProps
FNF:2
FNH:0
FNDA:0,IntlWrapper
FNDA:0,mapStateToProps
DA:6,1
DA:20,1
LF:2
LH:2
BRF:0
BRH:0
end_of_record
TN:
SF:/Users/ollieelmgren/Desktop/coding_challenge/client/modules/Post/pages/PostListPage/PostListPage.js
FN:44,(anonymous_18)
FN:47,mapStateToProps
FNF:2
FNH:0
FNDA:0,(anonymous_18)
FNDA:0,mapStateToProps
DA:23,0
DA:47,1
LF:2
LH:1
BRDA:23,1,0,0
BRDA:23,1,1,0
BRF:2
BRH:0
end_of_record
TN:
SF:/Users/ollieelmgren/Desktop/coding_challenge/client/modules/Post/pages/PostDetailPage/PostDetailPage.js
FN:16,PostDetailPage
FN:30,(anonymous_3)
FN:35,mapStateToProps
FNF:3
FNH:0
FNDA:0,PostDetailPage
FNDA:0,(anonymous_3)
FNDA:0,mapStateToProps
DA:16,1
DA:35,1
LF:2
LH:2
BRF:0
BRH:0
end_of_record
TN:
SF:/Users/ollieelmgren/Desktop/coding_challenge/server/util/fetchData.js
FN:7,fetchComponentData
FN:8,(anonymous_2)
FNF:2
FNH:0
FNDA:0,fetchComponentData
FNDA:0,(anonymous_2)
LF:0
LH:0
BRDA:9,1,0,0
BRDA:9,1,1,0
BRDA:10,2,0,0
BRDA:10,2,1,0
BRDA:10,3,0,0
BRDA:10,3,1,0
BRDA:10,4,0,0
BRDA:10,4,1,0
BRF:8
BRH:0
end_of_record
TN:
SF:/Users/ollieelmgren/Desktop/coding_challenge/server/util/promiseUtils.js
FN:5,sequence
FN:7,runner
FN:11,(anonymous_3)
FNF:3
FNH:0
FNDA:0,sequence
FNDA:0,runner
FNDA:0,(anonymous_3)
DA:5,1
DA:9,0
LF:2
LH:1
BRDA:9,1,0,0
BRDA:9,1,1,0
BRF:2
BRH:0
end_of_record
TN:
SF:/Users/ollieelmgren/Desktop/coding_challenge/server/routes/post.routes.js
FNF:0
FNH:0
LF:0
LH:0
BRF:0
BRH:0
end_of_record
TN:
SF:/Users/ollieelmgren/Desktop/coding_challenge/server/controllers/post.controller.js
FN:12,getPosts
FN:13,(anonymous_3)
FN:27,addPost
FN:41,(anonymous_5)
FN:55,getPost
FN:56,(anonymous_7)
FN:70,deletePost
FN:71,(anonymous_9)
FN:76,(anonymous_10)
FNF:9
FNH:9
FNDA:1,getPosts
FNDA:1,(anonymous_3)
FNDA:1,addPost
FNDA:1,(anonymous_5)
FNDA:1,getPost
FNDA:1,(anonymous_7)
FNDA:1,deletePost
FNDA:1,(anonymous_9)
FNDA:1,(anonymous_10)
DA:12,1
DA:14,1
DA:27,1
DA:28,1
DA:42,1
DA:55,1
DA:57,1
DA:70,1
DA:72,1
LF:9
LH:9
BRDA:14,1,0,0
BRDA:14,1,1,1
BRDA:28,2,0,0
BRDA:28,2,1,1
BRDA:28,3,0,1
BRDA:28,3,1,1
BRDA:28,3,2,1
BRDA:42,4,0,0
BRDA:42,4,1,1
BRDA:57,5,0,0
BRDA:57,5,1,1
BRDA:72,6,0,0
BRDA:72,6,1,1
BRF:13
BRH:8
end_of_record
TN:
SF:/Users/ollieelmgren/Desktop/coding_challenge/server/models/post.js
FNF:0
FNH:0
LF:0
LH:0
BRF:0
BRH:0
end_of_record
